<?xml version="1.0" encoding="utf-8"?><testsuites><testsuite name="pytest" errors="0" failures="0" skipped="0" tests="3" time="0.307" timestamp="2024-03-06T16:18:01.029948" hostname="laptop"><testcase classname="examples_rclpy_executors.executors.test.test_copyright" name="test_copyright" time="0.146" /><testcase classname="examples_rclpy_executors.executors.test.test_flake8" name="test_flake8" time="0.074" /><testcase classname="examples_rclpy_executors.executors.test.test_pep257" name="test_pep257" time="0.027" /></testsuite></testsuites>