<?xml version="1.0" encoding="utf-8"?><testsuites><testsuite name="pytest" errors="0" failures="0" skipped="0" tests="3" time="0.593" timestamp="2024-03-06T16:18:02.229640" hostname="laptop"><testcase classname="examples_rclpy_minimal_subscriber.topics.minimal_subscriber.test.test_copyright" name="test_copyright" time="0.323" /><testcase classname="examples_rclpy_minimal_subscriber.topics.minimal_subscriber.test.test_flake8" name="test_flake8" time="0.118" /><testcase classname="examples_rclpy_minimal_subscriber.topics.minimal_subscriber.test.test_pep257" name="test_pep257" time="0.031" /></testsuite></testsuites>